  adler32.c
C:\Users\open1\Downloads\assimp-5.0.1\assimp-5.0.1\contrib\zlib\zlib.h(34,10): fatal error C1083: 無法開啟包含檔案: 'zconf.h': No such file or directory
  compress.c
C:\Users\open1\Downloads\assimp-5.0.1\assimp-5.0.1\contrib\zlib\compress.c : fatal error C1041: 無法開啟程式資料庫 'C:\Users\open1\Downloads\assimp-5.0.1\assimp-5.0.1\build\contrib\zlib\Debug\vc142.pdb'; 如果要將多個 CL.EXE 寫到同一個 .PDB 檔案，請使用 /FS
  crc32.c
C:\Users\open1\Downloads\assimp-5.0.1\assimp-5.0.1\contrib\zlib\crc32.c : fatal error C1041: 無法開啟程式資料庫 'C:\Users\open1\Downloads\assimp-5.0.1\assimp-5.0.1\build\contrib\zlib\Debug\vc142.pdb'; 如果要將多個 CL.EXE 寫到同一個 .PDB 檔案，請使用 /FS
  deflate.c
C:\Users\open1\Downloads\assimp-5.0.1\assimp-5.0.1\contrib\zlib\deflate.c : fatal error C1041: 無法開啟程式資料庫 'C:\Users\open1\Downloads\assimp-5.0.1\assimp-5.0.1\build\contrib\zlib\Debug\vc142.pdb'; 如果要將多個 CL.EXE 寫到同一個 .PDB 檔案，請使用 /FS
  gzclose.c
C:\Users\open1\Downloads\assimp-5.0.1\assimp-5.0.1\contrib\zlib\zlib.h(34,10): fatal error C1083: 無法開啟包含檔案: 'zconf.h': No such file or directory
  gzlib.c
C:\Users\open1\Downloads\assimp-5.0.1\assimp-5.0.1\contrib\zlib\gzlib.c : fatal error C1041: 無法開啟程式資料庫 'C:\Users\open1\Downloads\assimp-5.0.1\assimp-5.0.1\build\contrib\zlib\Debug\vc142.pdb'; 如果要將多個 CL.EXE 寫到同一個 .PDB 檔案，請使用 /FS
  gzread.c
C:\Users\open1\Downloads\assimp-5.0.1\assimp-5.0.1\contrib\zlib\gzread.c : fatal error C1041: 無法開啟程式資料庫 'C:\Users\open1\Downloads\assimp-5.0.1\assimp-5.0.1\build\contrib\zlib\Debug\vc142.pdb'; 如果要將多個 CL.EXE 寫到同一個 .PDB 檔案，請使用 /FS
  gzwrite.c
C:\Users\open1\Downloads\assimp-5.0.1\assimp-5.0.1\contrib\zlib\gzwrite.c : fatal error C1041: 無法開啟程式資料庫 'C:\Users\open1\Downloads\assimp-5.0.1\assimp-5.0.1\build\contrib\zlib\Debug\vc142.pdb'; 如果要將多個 CL.EXE 寫到同一個 .PDB 檔案，請使用 /FS
  inflate.c
C:\Users\open1\Downloads\assimp-5.0.1\assimp-5.0.1\contrib\zlib\inflate.c : fatal error C1041: 無法開啟程式資料庫 'C:\Users\open1\Downloads\assimp-5.0.1\assimp-5.0.1\build\contrib\zlib\Debug\vc142.pdb'; 如果要將多個 CL.EXE 寫到同一個 .PDB 檔案，請使用 /FS
  infback.c
C:\Users\open1\Downloads\assimp-5.0.1\assimp-5.0.1\contrib\zlib\zlib.h(34,10): fatal error C1083: 無法開啟包含檔案: 'zconf.h': No such file or directory
  inftrees.c
C:\Users\open1\Downloads\assimp-5.0.1\assimp-5.0.1\contrib\zlib\inftrees.c : fatal error C1041: 無法開啟程式資料庫 'C:\Users\open1\Downloads\assimp-5.0.1\assimp-5.0.1\build\contrib\zlib\Debug\vc142.pdb'; 如果要將多個 CL.EXE 寫到同一個 .PDB 檔案，請使用 /FS
  inffast.c
C:\Users\open1\Downloads\assimp-5.0.1\assimp-5.0.1\contrib\zlib\inffast.c : fatal error C1041: 無法開啟程式資料庫 'C:\Users\open1\Downloads\assimp-5.0.1\assimp-5.0.1\build\contrib\zlib\Debug\vc142.pdb'; 如果要將多個 CL.EXE 寫到同一個 .PDB 檔案，請使用 /FS
  trees.c
C:\Users\open1\Downloads\assimp-5.0.1\assimp-5.0.1\contrib\zlib\zlib.h(34,10): fatal error C1083: 無法開啟包含檔案: 'zconf.h': No such file or directory
  uncompr.c
C:\Users\open1\Downloads\assimp-5.0.1\assimp-5.0.1\contrib\zlib\uncompr.c : fatal error C1041: 無法開啟程式資料庫 'C:\Users\open1\Downloads\assimp-5.0.1\assimp-5.0.1\build\contrib\zlib\Debug\vc142.pdb'; 如果要將多個 CL.EXE 寫到同一個 .PDB 檔案，請使用 /FS
  zutil.c
C:\Users\open1\Downloads\assimp-5.0.1\assimp-5.0.1\contrib\zlib\zutil.c : fatal error C1041: 無法開啟程式資料庫 'C:\Users\open1\Downloads\assimp-5.0.1\assimp-5.0.1\build\contrib\zlib\Debug\vc142.pdb'; 如果要將多個 CL.EXE 寫到同一個 .PDB 檔案，請使用 /FS
  正在產生程式碼...
