The system is: Windows - 10.0.19044 - AMD64
Compiling the C compiler identification source file "CMakeCCompilerId.c" succeeded.
Compiler: C:/Program Files (x86)/Microsoft Visual Studio/2019/Community/VC/Tools/MSVC/14.29.30133/bin/Hostx64/x64/cl.exe 
Build flags: 
Id flags:  

The output was:
0
Microsoft (R) C/C++ Optimizing Compiler Version 19.29.30146 for x64
Copyright (C) Microsoft Corporation.  著作權所有，並保留一切權利。

CMakeCCompilerId.c
Microsoft (R) Incremental Linker Version 14.29.30146.0
Copyright (C) Microsoft Corporation.  All rights reserved.

/out:CMakeCCompilerId.exe 
CMakeCCompilerId.obj 


Compilation of the C compiler identification source "CMakeCCompilerId.c" produced "CMakeCCompilerId.exe"

Compilation of the C compiler identification source "CMakeCCompilerId.c" produced "CMakeCCompilerId.obj"

The C compiler identification is MSVC, found in "C:/Users/open1/Documents/OpenGL/Project1_glad/Dependencies/ASSIMP/out/build/x64-Debug/CMakeFiles/3.20.21032501-MSVC_2/CompilerIdC/CMakeCCompilerId.exe"

Compiling the CXX compiler identification source file "CMakeCXXCompilerId.cpp" succeeded.
Compiler: C:/Program Files (x86)/Microsoft Visual Studio/2019/Community/VC/Tools/MSVC/14.29.30133/bin/Hostx64/x64/cl.exe 
Build flags: 
Id flags:  

The output was:
0
Microsoft (R) C/C++ Optimizing Compiler Version 19.29.30146 for x64
Copyright (C) Microsoft Corporation.  著作權所有，並保留一切權利。

CMakeCXXCompilerId.cpp
Microsoft (R) Incremental Linker Version 14.29.30146.0
Copyright (C) Microsoft Corporation.  All rights reserved.

/out:CMakeCXXCompilerId.exe 
CMakeCXXCompilerId.obj 


Compilation of the CXX compiler identification source "CMakeCXXCompilerId.cpp" produced "CMakeCXXCompilerId.exe"

Compilation of the CXX compiler identification source "CMakeCXXCompilerId.cpp" produced "CMakeCXXCompilerId.obj"

The CXX compiler identification is MSVC, found in "C:/Users/open1/Documents/OpenGL/Project1_glad/Dependencies/ASSIMP/out/build/x64-Debug/CMakeFiles/3.20.21032501-MSVC_2/CompilerIdCXX/CMakeCXXCompilerId.exe"

Detecting C compiler ABI info compiled with the following output:
Change Dir: C:/Users/open1/Documents/OpenGL/Project1_glad/Dependencies/ASSIMP/out/build/x64-Debug/CMakeFiles/CMakeTmp

Run Build Command(s):C:/Program Files (x86)/Microsoft Visual Studio/2019/Community/Common7/IDE/CommonExtensions/Microsoft/CMake/Ninja/ninja.exe cmTC_52073 && [1/2] Building C object CMakeFiles\cmTC_52073.dir\CMakeCCompilerABI.c.obj
[2/2] Linking C executable cmTC_52073.exe



Detecting CXX compiler ABI info compiled with the following output:
Change Dir: C:/Users/open1/Documents/OpenGL/Project1_glad/Dependencies/ASSIMP/out/build/x64-Debug/CMakeFiles/CMakeTmp

Run Build Command(s):C:/Program Files (x86)/Microsoft Visual Studio/2019/Community/Common7/IDE/CommonExtensions/Microsoft/CMake/Ninja/ninja.exe cmTC_57fda && [1/2] Building CXX object CMakeFiles\cmTC_57fda.dir\CMakeCXXCompilerABI.cpp.obj
[2/2] Linking CXX executable cmTC_57fda.exe



Determining if the include file sys/types.h exists passed with the following output:
Change Dir: C:/Users/open1/Documents/OpenGL/Project1_glad/Dependencies/ASSIMP/out/build/x64-Debug/CMakeFiles/CMakeTmp

Run Build Command(s):C:/Program Files (x86)/Microsoft Visual Studio/2019/Community/Common7/IDE/CommonExtensions/Microsoft/CMake/Ninja/ninja.exe cmTC_e333d && [1/2] Building C object CMakeFiles\cmTC_e333d.dir\CheckIncludeFile.c.obj
[2/2] Linking C executable cmTC_e333d.exe



Determining if the include file stdint.h exists passed with the following output:
Change Dir: C:/Users/open1/Documents/OpenGL/Project1_glad/Dependencies/ASSIMP/out/build/x64-Debug/CMakeFiles/CMakeTmp

Run Build Command(s):C:/Program Files (x86)/Microsoft Visual Studio/2019/Community/Common7/IDE/CommonExtensions/Microsoft/CMake/Ninja/ninja.exe cmTC_ae7c1 && [1/2] Building C object CMakeFiles\cmTC_ae7c1.dir\CheckIncludeFile.c.obj
[2/2] Linking C executable cmTC_ae7c1.exe



Determining if the include file stddef.h exists passed with the following output:
Change Dir: C:/Users/open1/Documents/OpenGL/Project1_glad/Dependencies/ASSIMP/out/build/x64-Debug/CMakeFiles/CMakeTmp

Run Build Command(s):C:/Program Files (x86)/Microsoft Visual Studio/2019/Community/Common7/IDE/CommonExtensions/Microsoft/CMake/Ninja/ninja.exe cmTC_c2083 && [1/2] Building C object CMakeFiles\cmTC_c2083.dir\CheckIncludeFile.c.obj
[2/2] Linking C executable cmTC_c2083.exe



